
---
events:
  -
    kind: "message-v1"
    backtrace:
      - "/opt/homebrew/share/cmake/Modules/CMakeDetermineSystem.cmake:205 (message)"
      - "CMakeLists.txt:2 (project)"
    message: |
      The system is: Darwin - 25.2.0 - arm64
  -
    kind: "message-v1"
    backtrace:
      - "/opt/homebrew/share/cmake/Modules/CMakeDetermineCompilerId.cmake:17 (message)"
      - "/opt/homebrew/share/cmake/Modules/CMakeDetermineCompilerId.cmake:64 (__determine_compiler_id_test)"
      - "/opt/homebrew/share/cmake/Modules/CMakeDetermineCCompiler.cmake:123 (CMAKE_DETERMINE_COMPILER_ID)"
      - "CMakeLists.txt:2 (project)"
    message: |
      Compiling the C compiler identification source file "CMakeCCompilerId.c" failed.
      Compiler:
      Build flags:
      Id flags:

      The output was:
      1
      xcode-select: error: tool 'xcodebuild' requires Xcode, but active developer directory '/Library/Developer/CommandLineTools' is a command line tools instance


  -
    kind: "message-v1"
    backtrace:
      - "/opt/homebrew/share/cmake/Modules/CMakeDetermineCompilerId.cmake:17 (message)"
      - "/opt/homebrew/share/cmake/Modules/CMakeDetermineCompilerId.cmake:64 (__determine_compiler_id_test)"
      - "/opt/homebrew/share/cmake/Modules/CMakeDetermineCCompiler.cmake:123 (CMAKE_DETERMINE_COMPILER_ID)"
      - "CMakeLists.txt:2 (project)"
    message: |
      Compiling the C compiler identification source file "CMakeCCompilerId.c" failed.
      Compiler:
      Build flags:
      Id flags:

      The output was:
      1
      xcode-select: error: tool 'xcodebuild' requires Xcode, but active developer directory '/Library/Developer/CommandLineTools' is a command line tools instance


  -
    kind: "message-v1"
    backtrace:
      - "/opt/homebrew/share/cmake/Modules/CMakeDetermineCompilerId.cmake:17 (message)"
      - "/opt/homebrew/share/cmake/Modules/CMakeDetermineCompilerId.cmake:64 (__determine_compiler_id_test)"
      - "/opt/homebrew/share/cmake/Modules/CMakeDetermineCXXCompiler.cmake:126 (CMAKE_DETERMINE_COMPILER_ID)"
      - "CMakeLists.txt:2 (project)"
    message: |
      Compiling the CXX compiler identification source file "CMakeCXXCompilerId.cpp" failed.
      Compiler:
      Build flags:
      Id flags:

      The output was:
      1
      xcode-select: error: tool 'xcodebuild' requires Xcode, but active developer directory '/Library/Developer/CommandLineTools' is a command line tools instance


  -
    kind: "message-v1"
    backtrace:
      - "/opt/homebrew/share/cmake/Modules/CMakeDetermineCompilerId.cmake:17 (message)"
      - "/opt/homebrew/share/cmake/Modules/CMakeDetermineCompilerId.cmake:64 (__determine_compiler_id_test)"
      - "/opt/homebrew/share/cmake/Modules/CMakeDetermineCXXCompiler.cmake:126 (CMAKE_DETERMINE_COMPILER_ID)"
      - "CMakeLists.txt:2 (project)"
    message: |
      Compiling the CXX compiler identification source file "CMakeCXXCompilerId.cpp" failed.
      Compiler:
      Build flags:
      Id flags:

      The output was:
      1
      xcode-select: error: tool 'xcodebuild' requires Xcode, but active developer directory '/Library/Developer/CommandLineTools' is a command line tools instance


...
---
events:
  -
    kind: "message-v1"
    backtrace:
      - "/opt/homebrew/share/cmake/Modules/CMakeDetermineCompilerId.cmake:17 (message)"
      - "/opt/homebrew/share/cmake/Modules/CMakeDetermineCompilerId.cmake:64 (__determine_compiler_id_test)"
      - "/opt/homebrew/share/cmake/Modules/CMakeDetermineCCompiler.cmake:123 (CMAKE_DETERMINE_COMPILER_ID)"
      - "CMakeLists.txt:2 (project)"
    message: |
      Compiling the C compiler identification source file "CMakeCCompilerId.c" failed.
      Compiler:
      Build flags:
      Id flags:

      The output was:
      1
      xcode-select: error: tool 'xcodebuild' requires Xcode, but active developer directory '/Library/Developer/CommandLineTools' is a command line tools instance


  -
    kind: "message-v1"
    backtrace:
      - "/opt/homebrew/share/cmake/Modules/CMakeDetermineCompilerId.cmake:17 (message)"
      - "/opt/homebrew/share/cmake/Modules/CMakeDetermineCompilerId.cmake:64 (__determine_compiler_id_test)"
      - "/opt/homebrew/share/cmake/Modules/CMakeDetermineCCompiler.cmake:123 (CMAKE_DETERMINE_COMPILER_ID)"
      - "CMakeLists.txt:2 (project)"
    message: |
      Compiling the C compiler identification source file "CMakeCCompilerId.c" failed.
      Compiler:
      Build flags:
      Id flags:

      The output was:
      1
      xcode-select: error: tool 'xcodebuild' requires Xcode, but active developer directory '/Library/Developer/CommandLineTools' is a command line tools instance


  -
    kind: "message-v1"
    backtrace:
      - "/opt/homebrew/share/cmake/Modules/CMakeDetermineCompilerId.cmake:17 (message)"
      - "/opt/homebrew/share/cmake/Modules/CMakeDetermineCompilerId.cmake:64 (__determine_compiler_id_test)"
      - "/opt/homebrew/share/cmake/Modules/CMakeDetermineCXXCompiler.cmake:126 (CMAKE_DETERMINE_COMPILER_ID)"
      - "CMakeLists.txt:2 (project)"
    message: |
      Compiling the CXX compiler identification source file "CMakeCXXCompilerId.cpp" failed.
      Compiler:
      Build flags:
      Id flags:

      The output was:
      1
      xcode-select: error: tool 'xcodebuild' requires Xcode, but active developer directory '/Library/Developer/CommandLineTools' is a command line tools instance


  -
    kind: "message-v1"
    backtrace:
      - "/opt/homebrew/share/cmake/Modules/CMakeDetermineCompilerId.cmake:17 (message)"
      - "/opt/homebrew/share/cmake/Modules/CMakeDetermineCompilerId.cmake:64 (__determine_compiler_id_test)"
      - "/opt/homebrew/share/cmake/Modules/CMakeDetermineCXXCompiler.cmake:126 (CMAKE_DETERMINE_COMPILER_ID)"
      - "CMakeLists.txt:2 (project)"
    message: |
      Compiling the CXX compiler identification source file "CMakeCXXCompilerId.cpp" failed.
      Compiler:
      Build flags:
      Id flags:

      The output was:
      1
      xcode-select: error: tool 'xcodebuild' requires Xcode, but active developer directory '/Library/Developer/CommandLineTools' is a command line tools instance


...
---
events:
  -
    kind: "message-v1"
    backtrace:
      - "/Applications/CLion.app/Contents/bin/cmake/mac/aarch64/share/cmake-4.1/Modules/CMakeDetermineSystem.cmake:212 (message)"
      - "CMakeLists.txt:2 (project)"
    message: |
      The system is: Darwin - 25.2.0 - arm64
  -
    kind: "find-v1"
    backtrace:
      - "/Applications/CLion.app/Contents/bin/cmake/mac/aarch64/share/cmake-4.1/Modules/CMakeDetermineCompilerId.cmake:462 (find_file)"
      - "/Applications/CLion.app/Contents/bin/cmake/mac/aarch64/share/cmake-4.1/Modules/CMakeDetermineCompilerId.cmake:500 (CMAKE_DETERMINE_COMPILER_ID_WRITE)"
      - "/Applications/CLion.app/Contents/bin/cmake/mac/aarch64/share/cmake-4.1/Modules/CMakeDetermineCompilerId.cmake:8 (CMAKE_DETERMINE_COMPILER_ID_BUILD)"
      - "/Applications/CLion.app/Contents/bin/cmake/mac/aarch64/share/cmake-4.1/Modules/CMakeDetermineCompilerId.cmake:64 (__determine_compiler_id_test)"
      - "/Applications/CLion.app/Contents/bin/cmake/mac/aarch64/share/cmake-4.1/Modules/CMakeDetermineCCompiler.cmake:122 (CMAKE_DETERMINE_COMPILER_ID)"
      - "CMakeLists.txt:2 (project)"
    mode: "file"
    variable: "src_in"
    description: "Path to a file."
    settings:
      SearchFramework: "FIRST"
      SearchAppBundle: "FIRST"
      CMAKE_FIND_USE_CMAKE_PATH: true
      CMAKE_FIND_USE_CMAKE_ENVIRONMENT_PATH: true
      CMAKE_FIND_USE_SYSTEM_ENVIRONMENT_PATH: true
      CMAKE_FIND_USE_CMAKE_SYSTEM_PATH: true
      CMAKE_FIND_USE_INSTALL_PREFIX: true
    names:
      - "CMakeCCompilerId.c.in"
    candidate_directories:
      - "/Applications/CLion.app/Contents/bin/cmake/mac/aarch64/share/cmake-4.1/Modules/"
    found: "/Applications/CLion.app/Contents/bin/cmake/mac/aarch64/share/cmake-4.1/Modules/CMakeCCompilerId.c.in"
    search_context:
      ENV{PATH}:
        - "/opt/homebrew/opt/openjdk@17/bin"
        - "/usr/local/texlive/2025basic/bin/universal-darwin"
        - "/opt/homebrew/opt/openjdk@17/bin"
        - "/opt/homebrew/bin"
        - "/opt/homebrew/sbin"
        - "/usr/local/bin"
        - "/System/Cryptexes/App/usr/bin"
        - "/usr/bin"
        - "/bin"
        - "/usr/sbin"
        - "/sbin"
        - "/var/run/com.apple.security.cryptexd/codex.system/bootstrap/usr/local/bin"
        - "/var/run/com.apple.security.cryptexd/codex.system/bootstrap/usr/bin"
        - "/var/run/com.apple.security.cryptexd/codex.system/bootstrap/usr/appleinternal/bin"
        - "/opt/pmk/env/global/bin"
        - "/Library/Apple/usr/bin"
        - "/Users/alejandroregidornova/.cargo/bin"
      CMAKE_INSTALL_PREFIX: "/usr/local"
  -
    kind: "message-v1"
    backtrace:
      - "/Applications/CLion.app/Contents/bin/cmake/mac/aarch64/share/cmake-4.1/Modules/CMakeDetermineCompilerId.cmake:17 (message)"
      - "/Applications/CLion.app/Contents/bin/cmake/mac/aarch64/share/cmake-4.1/Modules/CMakeDetermineCompilerId.cmake:64 (__determine_compiler_id_test)"
      - "/Applications/CLion.app/Contents/bin/cmake/mac/aarch64/share/cmake-4.1/Modules/CMakeDetermineCCompiler.cmake:122 (CMAKE_DETERMINE_COMPILER_ID)"
      - "CMakeLists.txt:2 (project)"
    message: |
      Compiling the C compiler identification source file "CMakeCCompilerId.c" failed.
      Compiler:
      Build flags:
      Id flags:

      The output was:
      1
      xcode-select: error: tool 'xcodebuild' requires Xcode, but active developer directory '/Library/Developer/CommandLineTools' is a command line tools instance


  -
    kind: "find-v1"
    backtrace:
      - "/Applications/CLion.app/Contents/bin/cmake/mac/aarch64/share/cmake-4.1/Modules/CMakeDetermineCompilerId.cmake:462 (find_file)"
      - "/Applications/CLion.app/Contents/bin/cmake/mac/aarch64/share/cmake-4.1/Modules/CMakeDetermineCompilerId.cmake:500 (CMAKE_DETERMINE_COMPILER_ID_WRITE)"
      - "/Applications/CLion.app/Contents/bin/cmake/mac/aarch64/share/cmake-4.1/Modules/CMakeDetermineCompilerId.cmake:8 (CMAKE_DETERMINE_COMPILER_ID_BUILD)"
      - "/Applications/CLion.app/Contents/bin/cmake/mac/aarch64/share/cmake-4.1/Modules/CMakeDetermineCompilerId.cmake:64 (__determine_compiler_id_test)"
      - "/Applications/CLion.app/Contents/bin/cmake/mac/aarch64/share/cmake-4.1/Modules/CMakeDetermineCCompiler.cmake:122 (CMAKE_DETERMINE_COMPILER_ID)"
      - "CMakeLists.txt:2 (project)"
    mode: "file"
    variable: "src_in"
    description: "Path to a file."
    settings:
      SearchFramework: "FIRST"
      SearchAppBundle: "FIRST"
      CMAKE_FIND_USE_CMAKE_PATH: true
      CMAKE_FIND_USE_CMAKE_ENVIRONMENT_PATH: true
      CMAKE_FIND_USE_SYSTEM_ENVIRONMENT_PATH: true
      CMAKE_FIND_USE_CMAKE_SYSTEM_PATH: true
      CMAKE_FIND_USE_INSTALL_PREFIX: true
    names:
      - "CMakeCCompilerId.c.in"
    candidate_directories:
      - "/Applications/CLion.app/Contents/bin/cmake/mac/aarch64/share/cmake-4.1/Modules/"
    found: "/Applications/CLion.app/Contents/bin/cmake/mac/aarch64/share/cmake-4.1/Modules/CMakeCCompilerId.c.in"
    search_context:
      ENV{PATH}:
        - "/opt/homebrew/opt/openjdk@17/bin"
        - "/usr/local/texlive/2025basic/bin/universal-darwin"
        - "/opt/homebrew/opt/openjdk@17/bin"
        - "/opt/homebrew/bin"
        - "/opt/homebrew/sbin"
        - "/usr/local/bin"
        - "/System/Cryptexes/App/usr/bin"
        - "/usr/bin"
        - "/bin"
        - "/usr/sbin"
        - "/sbin"
        - "/var/run/com.apple.security.cryptexd/codex.system/bootstrap/usr/local/bin"
        - "/var/run/com.apple.security.cryptexd/codex.system/bootstrap/usr/bin"
        - "/var/run/com.apple.security.cryptexd/codex.system/bootstrap/usr/appleinternal/bin"
        - "/opt/pmk/env/global/bin"
        - "/Library/Apple/usr/bin"
        - "/Users/alejandroregidornova/.cargo/bin"
      CMAKE_INSTALL_PREFIX: "/usr/local"
  -
    kind: "message-v1"
    backtrace:
      - "/Applications/CLion.app/Contents/bin/cmake/mac/aarch64/share/cmake-4.1/Modules/CMakeDetermineCompilerId.cmake:17 (message)"
      - "/Applications/CLion.app/Contents/bin/cmake/mac/aarch64/share/cmake-4.1/Modules/CMakeDetermineCompilerId.cmake:64 (__determine_compiler_id_test)"
      - "/Applications/CLion.app/Contents/bin/cmake/mac/aarch64/share/cmake-4.1/Modules/CMakeDetermineCCompiler.cmake:122 (CMAKE_DETERMINE_COMPILER_ID)"
      - "CMakeLists.txt:2 (project)"
    message: |
      Compiling the C compiler identification source file "CMakeCCompilerId.c" failed.
      Compiler:
      Build flags:
      Id flags:

      The output was:
      1
      xcode-select: error: tool 'xcodebuild' requires Xcode, but active developer directory '/Library/Developer/CommandLineTools' is a command line tools instance


  -
    kind: "find-v1"
    backtrace:
      - "/Applications/CLion.app/Contents/bin/cmake/mac/aarch64/share/cmake-4.1/Modules/CMakeDetermineCompilerId.cmake:462 (find_file)"
      - "/Applications/CLion.app/Contents/bin/cmake/mac/aarch64/share/cmake-4.1/Modules/CMakeDetermineCompilerId.cmake:500 (CMAKE_DETERMINE_COMPILER_ID_WRITE)"
      - "/Applications/CLion.app/Contents/bin/cmake/mac/aarch64/share/cmake-4.1/Modules/CMakeDetermineCompilerId.cmake:8 (CMAKE_DETERMINE_COMPILER_ID_BUILD)"
      - "/Applications/CLion.app/Contents/bin/cmake/mac/aarch64/share/cmake-4.1/Modules/CMakeDetermineCompilerId.cmake:64 (__determine_compiler_id_test)"
      - "/Applications/CLion.app/Contents/bin/cmake/mac/aarch64/share/cmake-4.1/Modules/CMakeDetermineCXXCompiler.cmake:125 (CMAKE_DETERMINE_COMPILER_ID)"
      - "CMakeLists.txt:2 (project)"
    mode: "file"
    variable: "src_in"
    description: "Path to a file."
    settings:
      SearchFramework: "FIRST"
      SearchAppBundle: "FIRST"
      CMAKE_FIND_USE_CMAKE_PATH: true
      CMAKE_FIND_USE_CMAKE_ENVIRONMENT_PATH: true
      CMAKE_FIND_USE_SYSTEM_ENVIRONMENT_PATH: true
      CMAKE_FIND_USE_CMAKE_SYSTEM_PATH: true
      CMAKE_FIND_USE_INSTALL_PREFIX: true
    names:
      - "CMakeCXXCompilerId.cpp.in"
    candidate_directories:
      - "/Applications/CLion.app/Contents/bin/cmake/mac/aarch64/share/cmake-4.1/Modules/"
    found: "/Applications/CLion.app/Contents/bin/cmake/mac/aarch64/share/cmake-4.1/Modules/CMakeCXXCompilerId.cpp.in"
    search_context:
      ENV{PATH}:
        - "/opt/homebrew/opt/openjdk@17/bin"
        - "/usr/local/texlive/2025basic/bin/universal-darwin"
        - "/opt/homebrew/opt/openjdk@17/bin"
        - "/opt/homebrew/bin"
        - "/opt/homebrew/sbin"
        - "/usr/local/bin"
        - "/System/Cryptexes/App/usr/bin"
        - "/usr/bin"
        - "/bin"
        - "/usr/sbin"
        - "/sbin"
        - "/var/run/com.apple.security.cryptexd/codex.system/bootstrap/usr/local/bin"
        - "/var/run/com.apple.security.cryptexd/codex.system/bootstrap/usr/bin"
        - "/var/run/com.apple.security.cryptexd/codex.system/bootstrap/usr/appleinternal/bin"
        - "/opt/pmk/env/global/bin"
        - "/Library/Apple/usr/bin"
        - "/Users/alejandroregidornova/.cargo/bin"
      CMAKE_INSTALL_PREFIX: "/usr/local"
  -
    kind: "message-v1"
    backtrace:
      - "/Applications/CLion.app/Contents/bin/cmake/mac/aarch64/share/cmake-4.1/Modules/CMakeDetermineCompilerId.cmake:17 (message)"
      - "/Applications/CLion.app/Contents/bin/cmake/mac/aarch64/share/cmake-4.1/Modules/CMakeDetermineCompilerId.cmake:64 (__determine_compiler_id_test)"
      - "/Applications/CLion.app/Contents/bin/cmake/mac/aarch64/share/cmake-4.1/Modules/CMakeDetermineCXXCompiler.cmake:125 (CMAKE_DETERMINE_COMPILER_ID)"
      - "CMakeLists.txt:2 (project)"
    message: |
      Compiling the CXX compiler identification source file "CMakeCXXCompilerId.cpp" failed.
      Compiler:
      Build flags:
      Id flags:

      The output was:
      1
      xcode-select: error: tool 'xcodebuild' requires Xcode, but active developer directory '/Library/Developer/CommandLineTools' is a command line tools instance


  -
    kind: "find-v1"
    backtrace:
      - "/Applications/CLion.app/Contents/bin/cmake/mac/aarch64/share/cmake-4.1/Modules/CMakeDetermineCompilerId.cmake:462 (find_file)"
      - "/Applications/CLion.app/Contents/bin/cmake/mac/aarch64/share/cmake-4.1/Modules/CMakeDetermineCompilerId.cmake:500 (CMAKE_DETERMINE_COMPILER_ID_WRITE)"
      - "/Applications/CLion.app/Contents/bin/cmake/mac/aarch64/share/cmake-4.1/Modules/CMakeDetermineCompilerId.cmake:8 (CMAKE_DETERMINE_COMPILER_ID_BUILD)"
      - "/Applications/CLion.app/Contents/bin/cmake/mac/aarch64/share/cmake-4.1/Modules/CMakeDetermineCompilerId.cmake:64 (__determine_compiler_id_test)"
      - "/Applications/CLion.app/Contents/bin/cmake/mac/aarch64/share/cmake-4.1/Modules/CMakeDetermineCXXCompiler.cmake:125 (CMAKE_DETERMINE_COMPILER_ID)"
      - "CMakeLists.txt:2 (project)"
    mode: "file"
    variable: "src_in"
    description: "Path to a file."
    settings:
      SearchFramework: "FIRST"
      SearchAppBundle: "FIRST"
      CMAKE_FIND_USE_CMAKE_PATH: true
      CMAKE_FIND_USE_CMAKE_ENVIRONMENT_PATH: true
      CMAKE_FIND_USE_SYSTEM_ENVIRONMENT_PATH: true
      CMAKE_FIND_USE_CMAKE_SYSTEM_PATH: true
      CMAKE_FIND_USE_INSTALL_PREFIX: true
    names:
      - "CMakeCXXCompilerId.cpp.in"
    candidate_directories:
      - "/Applications/CLion.app/Contents/bin/cmake/mac/aarch64/share/cmake-4.1/Modules/"
    found: "/Applications/CLion.app/Contents/bin/cmake/mac/aarch64/share/cmake-4.1/Modules/CMakeCXXCompilerId.cpp.in"
    search_context:
      ENV{PATH}:
        - "/opt/homebrew/opt/openjdk@17/bin"
        - "/usr/local/texlive/2025basic/bin/universal-darwin"
        - "/opt/homebrew/opt/openjdk@17/bin"
        - "/opt/homebrew/bin"
        - "/opt/homebrew/sbin"
        - "/usr/local/bin"
        - "/System/Cryptexes/App/usr/bin"
        - "/usr/bin"
        - "/bin"
        - "/usr/sbin"
        - "/sbin"
        - "/var/run/com.apple.security.cryptexd/codex.system/bootstrap/usr/local/bin"
        - "/var/run/com.apple.security.cryptexd/codex.system/bootstrap/usr/bin"
        - "/var/run/com.apple.security.cryptexd/codex.system/bootstrap/usr/appleinternal/bin"
        - "/opt/pmk/env/global/bin"
        - "/Library/Apple/usr/bin"
        - "/Users/alejandroregidornova/.cargo/bin"
      CMAKE_INSTALL_PREFIX: "/usr/local"
  -
    kind: "message-v1"
    backtrace:
      - "/Applications/CLion.app/Contents/bin/cmake/mac/aarch64/share/cmake-4.1/Modules/CMakeDetermineCompilerId.cmake:17 (message)"
      - "/Applications/CLion.app/Contents/bin/cmake/mac/aarch64/share/cmake-4.1/Modules/CMakeDetermineCompilerId.cmake:64 (__determine_compiler_id_test)"
      - "/Applications/CLion.app/Contents/bin/cmake/mac/aarch64/share/cmake-4.1/Modules/CMakeDetermineCXXCompiler.cmake:125 (CMAKE_DETERMINE_COMPILER_ID)"
      - "CMakeLists.txt:2 (project)"
    message: |
      Compiling the CXX compiler identification source file "CMakeCXXCompilerId.cpp" failed.
      Compiler:
      Build flags:
      Id flags:

      The output was:
      1
      xcode-select: error: tool 'xcodebuild' requires Xcode, but active developer directory '/Library/Developer/CommandLineTools' is a command line tools instance


...
---
events:
  -
    kind: "find-v1"
    backtrace:
      - "/Applications/CLion.app/Contents/bin/cmake/mac/aarch64/share/cmake-4.1/Modules/CMakeDetermineCompilerId.cmake:462 (find_file)"
      - "/Applications/CLion.app/Contents/bin/cmake/mac/aarch64/share/cmake-4.1/Modules/CMakeDetermineCompilerId.cmake:500 (CMAKE_DETERMINE_COMPILER_ID_WRITE)"
      - "/Applications/CLion.app/Contents/bin/cmake/mac/aarch64/share/cmake-4.1/Modules/CMakeDetermineCompilerId.cmake:8 (CMAKE_DETERMINE_COMPILER_ID_BUILD)"
      - "/Applications/CLion.app/Contents/bin/cmake/mac/aarch64/share/cmake-4.1/Modules/CMakeDetermineCompilerId.cmake:64 (__determine_compiler_id_test)"
      - "/Applications/CLion.app/Contents/bin/cmake/mac/aarch64/share/cmake-4.1/Modules/CMakeDetermineCCompiler.cmake:122 (CMAKE_DETERMINE_COMPILER_ID)"
      - "CMakeLists.txt:2 (project)"
    mode: "file"
    variable: "src_in"
    description: "Path to a file."
    settings:
      SearchFramework: "FIRST"
      SearchAppBundle: "FIRST"
      CMAKE_FIND_USE_CMAKE_PATH: true
      CMAKE_FIND_USE_CMAKE_ENVIRONMENT_PATH: true
      CMAKE_FIND_USE_SYSTEM_ENVIRONMENT_PATH: true
      CMAKE_FIND_USE_CMAKE_SYSTEM_PATH: true
      CMAKE_FIND_USE_INSTALL_PREFIX: true
    names:
      - "CMakeCCompilerId.c.in"
    candidate_directories:
      - "/Applications/CLion.app/Contents/bin/cmake/mac/aarch64/share/cmake-4.1/Modules/"
    found: "/Applications/CLion.app/Contents/bin/cmake/mac/aarch64/share/cmake-4.1/Modules/CMakeCCompilerId.c.in"
    search_context:
      ENV{PATH}:
        - "/opt/homebrew/opt/openjdk@17/bin"
        - "/usr/local/texlive/2025basic/bin/universal-darwin"
        - "/opt/homebrew/opt/openjdk@17/bin"
        - "/opt/homebrew/bin"
        - "/opt/homebrew/sbin"
        - "/usr/local/bin"
        - "/System/Cryptexes/App/usr/bin"
        - "/usr/bin"
        - "/bin"
        - "/usr/sbin"
        - "/sbin"
        - "/var/run/com.apple.security.cryptexd/codex.system/bootstrap/usr/local/bin"
        - "/var/run/com.apple.security.cryptexd/codex.system/bootstrap/usr/bin"
        - "/var/run/com.apple.security.cryptexd/codex.system/bootstrap/usr/appleinternal/bin"
        - "/opt/pmk/env/global/bin"
        - "/Library/Apple/usr/bin"
        - "/Users/alejandroregidornova/.cargo/bin"
      CMAKE_INSTALL_PREFIX: "/usr/local"
  -
    kind: "message-v1"
    backtrace:
      - "/Applications/CLion.app/Contents/bin/cmake/mac/aarch64/share/cmake-4.1/Modules/CMakeDetermineCompilerId.cmake:17 (message)"
      - "/Applications/CLion.app/Contents/bin/cmake/mac/aarch64/share/cmake-4.1/Modules/CMakeDetermineCompilerId.cmake:64 (__determine_compiler_id_test)"
      - "/Applications/CLion.app/Contents/bin/cmake/mac/aarch64/share/cmake-4.1/Modules/CMakeDetermineCCompiler.cmake:122 (CMAKE_DETERMINE_COMPILER_ID)"
      - "CMakeLists.txt:2 (project)"
    message: |
      Compiling the C compiler identification source file "CMakeCCompilerId.c" failed.
      Compiler:
      Build flags:
      Id flags:

      The output was:
      1
      xcode-select: error: tool 'xcodebuild' requires Xcode, but active developer directory '/Library/Developer/CommandLineTools' is a command line tools instance


  -
    kind: "find-v1"
    backtrace:
      - "/Applications/CLion.app/Contents/bin/cmake/mac/aarch64/share/cmake-4.1/Modules/CMakeDetermineCompilerId.cmake:462 (find_file)"
      - "/Applications/CLion.app/Contents/bin/cmake/mac/aarch64/share/cmake-4.1/Modules/CMakeDetermineCompilerId.cmake:500 (CMAKE_DETERMINE_COMPILER_ID_WRITE)"
      - "/Applications/CLion.app/Contents/bin/cmake/mac/aarch64/share/cmake-4.1/Modules/CMakeDetermineCompilerId.cmake:8 (CMAKE_DETERMINE_COMPILER_ID_BUILD)"
      - "/Applications/CLion.app/Contents/bin/cmake/mac/aarch64/share/cmake-4.1/Modules/CMakeDetermineCompilerId.cmake:64 (__determine_compiler_id_test)"
      - "/Applications/CLion.app/Contents/bin/cmake/mac/aarch64/share/cmake-4.1/Modules/CMakeDetermineCCompiler.cmake:122 (CMAKE_DETERMINE_COMPILER_ID)"
      - "CMakeLists.txt:2 (project)"
    mode: "file"
    variable: "src_in"
    description: "Path to a file."
    settings:
      SearchFramework: "FIRST"
      SearchAppBundle: "FIRST"
      CMAKE_FIND_USE_CMAKE_PATH: true
      CMAKE_FIND_USE_CMAKE_ENVIRONMENT_PATH: true
      CMAKE_FIND_USE_SYSTEM_ENVIRONMENT_PATH: true
      CMAKE_FIND_USE_CMAKE_SYSTEM_PATH: true
      CMAKE_FIND_USE_INSTALL_PREFIX: true
    names:
      - "CMakeCCompilerId.c.in"
    candidate_directories:
      - "/Applications/CLion.app/Contents/bin/cmake/mac/aarch64/share/cmake-4.1/Modules/"
    found: "/Applications/CLion.app/Contents/bin/cmake/mac/aarch64/share/cmake-4.1/Modules/CMakeCCompilerId.c.in"
    search_context:
      ENV{PATH}:
        - "/opt/homebrew/opt/openjdk@17/bin"
        - "/usr/local/texlive/2025basic/bin/universal-darwin"
        - "/opt/homebrew/opt/openjdk@17/bin"
        - "/opt/homebrew/bin"
        - "/opt/homebrew/sbin"
        - "/usr/local/bin"
        - "/System/Cryptexes/App/usr/bin"
        - "/usr/bin"
        - "/bin"
        - "/usr/sbin"
        - "/sbin"
        - "/var/run/com.apple.security.cryptexd/codex.system/bootstrap/usr/local/bin"
        - "/var/run/com.apple.security.cryptexd/codex.system/bootstrap/usr/bin"
        - "/var/run/com.apple.security.cryptexd/codex.system/bootstrap/usr/appleinternal/bin"
        - "/opt/pmk/env/global/bin"
        - "/Library/Apple/usr/bin"
        - "/Users/alejandroregidornova/.cargo/bin"
      CMAKE_INSTALL_PREFIX: "/usr/local"
  -
    kind: "message-v1"
    backtrace:
      - "/Applications/CLion.app/Contents/bin/cmake/mac/aarch64/share/cmake-4.1/Modules/CMakeDetermineCompilerId.cmake:17 (message)"
      - "/Applications/CLion.app/Contents/bin/cmake/mac/aarch64/share/cmake-4.1/Modules/CMakeDetermineCompilerId.cmake:64 (__determine_compiler_id_test)"
      - "/Applications/CLion.app/Contents/bin/cmake/mac/aarch64/share/cmake-4.1/Modules/CMakeDetermineCCompiler.cmake:122 (CMAKE_DETERMINE_COMPILER_ID)"
      - "CMakeLists.txt:2 (project)"
    message: |
      Compiling the C compiler identification source file "CMakeCCompilerId.c" failed.
      Compiler:
      Build flags:
      Id flags:

      The output was:
      1
      xcode-select: error: tool 'xcodebuild' requires Xcode, but active developer directory '/Library/Developer/CommandLineTools' is a command line tools instance


  -
    kind: "find-v1"
    backtrace:
      - "/Applications/CLion.app/Contents/bin/cmake/mac/aarch64/share/cmake-4.1/Modules/CMakeDetermineCompilerId.cmake:462 (find_file)"
      - "/Applications/CLion.app/Contents/bin/cmake/mac/aarch64/share/cmake-4.1/Modules/CMakeDetermineCompilerId.cmake:500 (CMAKE_DETERMINE_COMPILER_ID_WRITE)"
      - "/Applications/CLion.app/Contents/bin/cmake/mac/aarch64/share/cmake-4.1/Modules/CMakeDetermineCompilerId.cmake:8 (CMAKE_DETERMINE_COMPILER_ID_BUILD)"
      - "/Applications/CLion.app/Contents/bin/cmake/mac/aarch64/share/cmake-4.1/Modules/CMakeDetermineCompilerId.cmake:64 (__determine_compiler_id_test)"
      - "/Applications/CLion.app/Contents/bin/cmake/mac/aarch64/share/cmake-4.1/Modules/CMakeDetermineCXXCompiler.cmake:125 (CMAKE_DETERMINE_COMPILER_ID)"
      - "CMakeLists.txt:2 (project)"
    mode: "file"
    variable: "src_in"
    description: "Path to a file."
    settings:
      SearchFramework: "FIRST"
      SearchAppBundle: "FIRST"
      CMAKE_FIND_USE_CMAKE_PATH: true
      CMAKE_FIND_USE_CMAKE_ENVIRONMENT_PATH: true
      CMAKE_FIND_USE_SYSTEM_ENVIRONMENT_PATH: true
      CMAKE_FIND_USE_CMAKE_SYSTEM_PATH: true
      CMAKE_FIND_USE_INSTALL_PREFIX: true
    names:
      - "CMakeCXXCompilerId.cpp.in"
    candidate_directories:
      - "/Applications/CLion.app/Contents/bin/cmake/mac/aarch64/share/cmake-4.1/Modules/"
    found: "/Applications/CLion.app/Contents/bin/cmake/mac/aarch64/share/cmake-4.1/Modules/CMakeCXXCompilerId.cpp.in"
    search_context:
      ENV{PATH}:
        - "/opt/homebrew/opt/openjdk@17/bin"
        - "/usr/local/texlive/2025basic/bin/universal-darwin"
        - "/opt/homebrew/opt/openjdk@17/bin"
        - "/opt/homebrew/bin"
        - "/opt/homebrew/sbin"
        - "/usr/local/bin"
        - "/System/Cryptexes/App/usr/bin"
        - "/usr/bin"
        - "/bin"
        - "/usr/sbin"
        - "/sbin"
        - "/var/run/com.apple.security.cryptexd/codex.system/bootstrap/usr/local/bin"
        - "/var/run/com.apple.security.cryptexd/codex.system/bootstrap/usr/bin"
        - "/var/run/com.apple.security.cryptexd/codex.system/bootstrap/usr/appleinternal/bin"
        - "/opt/pmk/env/global/bin"
        - "/Library/Apple/usr/bin"
        - "/Users/alejandroregidornova/.cargo/bin"
      CMAKE_INSTALL_PREFIX: "/usr/local"
  -
    kind: "message-v1"
    backtrace:
      - "/Applications/CLion.app/Contents/bin/cmake/mac/aarch64/share/cmake-4.1/Modules/CMakeDetermineCompilerId.cmake:17 (message)"
      - "/Applications/CLion.app/Contents/bin/cmake/mac/aarch64/share/cmake-4.1/Modules/CMakeDetermineCompilerId.cmake:64 (__determine_compiler_id_test)"
      - "/Applications/CLion.app/Contents/bin/cmake/mac/aarch64/share/cmake-4.1/Modules/CMakeDetermineCXXCompiler.cmake:125 (CMAKE_DETERMINE_COMPILER_ID)"
      - "CMakeLists.txt:2 (project)"
    message: |
      Compiling the CXX compiler identification source file "CMakeCXXCompilerId.cpp" failed.
      Compiler:
      Build flags:
      Id flags:

      The output was:
      1
      xcode-select: error: tool 'xcodebuild' requires Xcode, but active developer directory '/Library/Developer/CommandLineTools' is a command line tools instance


  -
    kind: "find-v1"
    backtrace:
      - "/Applications/CLion.app/Contents/bin/cmake/mac/aarch64/share/cmake-4.1/Modules/CMakeDetermineCompilerId.cmake:462 (find_file)"
      - "/Applications/CLion.app/Contents/bin/cmake/mac/aarch64/share/cmake-4.1/Modules/CMakeDetermineCompilerId.cmake:500 (CMAKE_DETERMINE_COMPILER_ID_WRITE)"
      - "/Applications/CLion.app/Contents/bin/cmake/mac/aarch64/share/cmake-4.1/Modules/CMakeDetermineCompilerId.cmake:8 (CMAKE_DETERMINE_COMPILER_ID_BUILD)"
      - "/Applications/CLion.app/Contents/bin/cmake/mac/aarch64/share/cmake-4.1/Modules/CMakeDetermineCompilerId.cmake:64 (__determine_compiler_id_test)"
      - "/Applications/CLion.app/Contents/bin/cmake/mac/aarch64/share/cmake-4.1/Modules/CMakeDetermineCXXCompiler.cmake:125 (CMAKE_DETERMINE_COMPILER_ID)"
      - "CMakeLists.txt:2 (project)"
    mode: "file"
    variable: "src_in"
    description: "Path to a file."
    settings:
      SearchFramework: "FIRST"
      SearchAppBundle: "FIRST"
      CMAKE_FIND_USE_CMAKE_PATH: true
      CMAKE_FIND_USE_CMAKE_ENVIRONMENT_PATH: true
      CMAKE_FIND_USE_SYSTEM_ENVIRONMENT_PATH: true
      CMAKE_FIND_USE_CMAKE_SYSTEM_PATH: true
      CMAKE_FIND_USE_INSTALL_PREFIX: true
    names:
      - "CMakeCXXCompilerId.cpp.in"
    candidate_directories:
      - "/Applications/CLion.app/Contents/bin/cmake/mac/aarch64/share/cmake-4.1/Modules/"
    found: "/Applications/CLion.app/Contents/bin/cmake/mac/aarch64/share/cmake-4.1/Modules/CMakeCXXCompilerId.cpp.in"
    search_context:
      ENV{PATH}:
        - "/opt/homebrew/opt/openjdk@17/bin"
        - "/usr/local/texlive/2025basic/bin/universal-darwin"
        - "/opt/homebrew/opt/openjdk@17/bin"
        - "/opt/homebrew/bin"
        - "/opt/homebrew/sbin"
        - "/usr/local/bin"
        - "/System/Cryptexes/App/usr/bin"
        - "/usr/bin"
        - "/bin"
        - "/usr/sbin"
        - "/sbin"
        - "/var/run/com.apple.security.cryptexd/codex.system/bootstrap/usr/local/bin"
        - "/var/run/com.apple.security.cryptexd/codex.system/bootstrap/usr/bin"
        - "/var/run/com.apple.security.cryptexd/codex.system/bootstrap/usr/appleinternal/bin"
        - "/opt/pmk/env/global/bin"
        - "/Library/Apple/usr/bin"
        - "/Users/alejandroregidornova/.cargo/bin"
      CMAKE_INSTALL_PREFIX: "/usr/local"
  -
    kind: "message-v1"
    backtrace:
      - "/Applications/CLion.app/Contents/bin/cmake/mac/aarch64/share/cmake-4.1/Modules/CMakeDetermineCompilerId.cmake:17 (message)"
      - "/Applications/CLion.app/Contents/bin/cmake/mac/aarch64/share/cmake-4.1/Modules/CMakeDetermineCompilerId.cmake:64 (__determine_compiler_id_test)"
      - "/Applications/CLion.app/Contents/bin/cmake/mac/aarch64/share/cmake-4.1/Modules/CMakeDetermineCXXCompiler.cmake:125 (CMAKE_DETERMINE_COMPILER_ID)"
      - "CMakeLists.txt:2 (project)"
    message: |
      Compiling the CXX compiler identification source file "CMakeCXXCompilerId.cpp" failed.
      Compiler:
      Build flags:
      Id flags:

      The output was:
      1
      xcode-select: error: tool 'xcodebuild' requires Xcode, but active developer directory '/Library/Developer/CommandLineTools' is a command line tools instance


...
---
events:
  -
    kind: "find-v1"
    backtrace:
      - "/Applications/CLion.app/Contents/bin/cmake/mac/aarch64/share/cmake-4.1/Modules/CMakeDetermineCompilerId.cmake:462 (find_file)"
      - "/Applications/CLion.app/Contents/bin/cmake/mac/aarch64/share/cmake-4.1/Modules/CMakeDetermineCompilerId.cmake:500 (CMAKE_DETERMINE_COMPILER_ID_WRITE)"
      - "/Applications/CLion.app/Contents/bin/cmake/mac/aarch64/share/cmake-4.1/Modules/CMakeDetermineCompilerId.cmake:8 (CMAKE_DETERMINE_COMPILER_ID_BUILD)"
      - "/Applications/CLion.app/Contents/bin/cmake/mac/aarch64/share/cmake-4.1/Modules/CMakeDetermineCompilerId.cmake:64 (__determine_compiler_id_test)"
      - "/Applications/CLion.app/Contents/bin/cmake/mac/aarch64/share/cmake-4.1/Modules/CMakeDetermineCCompiler.cmake:122 (CMAKE_DETERMINE_COMPILER_ID)"
      - "CMakeLists.txt:2 (project)"
    mode: "file"
    variable: "src_in"
    description: "Path to a file."
    settings:
      SearchFramework: "FIRST"
      SearchAppBundle: "FIRST"
      CMAKE_FIND_USE_CMAKE_PATH: true
      CMAKE_FIND_USE_CMAKE_ENVIRONMENT_PATH: true
      CMAKE_FIND_USE_SYSTEM_ENVIRONMENT_PATH: true
      CMAKE_FIND_USE_CMAKE_SYSTEM_PATH: true
      CMAKE_FIND_USE_INSTALL_PREFIX: true
    names:
      - "CMakeCCompilerId.c.in"
    candidate_directories:
      - "/Applications/CLion.app/Contents/bin/cmake/mac/aarch64/share/cmake-4.1/Modules/"
    found: "/Applications/CLion.app/Contents/bin/cmake/mac/aarch64/share/cmake-4.1/Modules/CMakeCCompilerId.c.in"
    search_context:
      ENV{PATH}:
        - "/opt/homebrew/opt/openjdk@17/bin"
        - "/usr/local/texlive/2025basic/bin/universal-darwin"
        - "/opt/homebrew/opt/openjdk@17/bin"
        - "/opt/homebrew/bin"
        - "/opt/homebrew/sbin"
        - "/usr/local/bin"
        - "/System/Cryptexes/App/usr/bin"
        - "/usr/bin"
        - "/bin"
        - "/usr/sbin"
        - "/sbin"
        - "/var/run/com.apple.security.cryptexd/codex.system/bootstrap/usr/local/bin"
        - "/var/run/com.apple.security.cryptexd/codex.system/bootstrap/usr/bin"
        - "/var/run/com.apple.security.cryptexd/codex.system/bootstrap/usr/appleinternal/bin"
        - "/opt/pmk/env/global/bin"
        - "/Library/Apple/usr/bin"
        - "/Users/alejandroregidornova/.cargo/bin"
      CMAKE_INSTALL_PREFIX: "/usr/local"
  -
    kind: "message-v1"
    backtrace:
      - "/Applications/CLion.app/Contents/bin/cmake/mac/aarch64/share/cmake-4.1/Modules/CMakeDetermineCompilerId.cmake:17 (message)"
      - "/Applications/CLion.app/Contents/bin/cmake/mac/aarch64/share/cmake-4.1/Modules/CMakeDetermineCompilerId.cmake:64 (__determine_compiler_id_test)"
      - "/Applications/CLion.app/Contents/bin/cmake/mac/aarch64/share/cmake-4.1/Modules/CMakeDetermineCCompiler.cmake:122 (CMAKE_DETERMINE_COMPILER_ID)"
      - "CMakeLists.txt:2 (project)"
    message: |
      Compiling the C compiler identification source file "CMakeCCompilerId.c" failed.
      Compiler:
      Build flags:
      Id flags:

      The output was:
      65
      Command line invocation:
          /Applications/Xcode.app/Contents/Developer/usr/bin/xcodebuild

      ComputePackagePrebuildTargetDependencyGraph

      CreateBuildRequest

      SendProjectDescription

      CreateBuildOperation

      ComputeTargetDependencyGraph
      note: Building targets in dependency order
      note: Target dependency graph (1 target)
          Target 'CompilerIdC' in project 'CompilerIdC' (no dependencies)

      GatherProvisioningInputs

      CreateBuildDescription

      ExecuteExternalTool /Applications/Xcode.app/Contents/Developer/Toolchains/XcodeDefault.xctoolchain/usr/bin/clang -v -E -dM -isysroot /Library/Developer/CommandLineTools/SDKs/MacOSX26.1.sdk -x c -c /dev/null

      ExecuteExternalTool /Applications/Xcode.app/Contents/Developer/Toolchains/XcodeDefault.xctoolchain/usr/bin/clang -v -E -dM -arch arm64 -isysroot /Library/Developer/CommandLineTools/SDKs/MacOSX26.1.sdk -x c -c /dev/null

      ExecuteExternalTool /Applications/Xcode.app/Contents/Developer/Toolchains/XcodeDefault.xctoolchain/usr/bin/ld -version_details

      Build description signature: b00f9d04c1529660a75607fc7124a37d
      Build description path: /Users/alejandroregidornova/CLionProjects/compiler/build/CMakeFiles/4.1.2/CompilerIdC/./XCBuildData/b00f9d04c1529660a75607fc7124a37d.xcbuilddata
      /Users/alejandroregidornova/CLionProjects/compiler/build/CMakeFiles/4.1.2/CompilerIdC/CompilerIdC.xcodeproj: warning: The macOS deployment target 'MACOSX_DEPLOYMENT_TARGET' is set to 26.1, but the range of supported deployment target versions is 10.13 to 26.0.99. (in target 'CompilerIdC' from project 'CompilerIdC')
      /Users/alejandroregidornova/CLionProjects/compiler/build/CMakeFiles/4.1.2/CompilerIdC/CompilerIdC.xcodeproj: warning: Skipping provisioning because the SDK 'macosx26.1' could not be found. (in target 'CompilerIdC' from project 'CompilerIdC')
      error: An empty code signing identity is not valid when signing a binary for the 'Command-line Tool' product type. (in target 'CompilerIdC' from project 'CompilerIdC')
      error: Entitlements are required for product type 'Command-line Tool' in SDK 'macOS 26.1'. (in target 'CompilerIdC' from project 'CompilerIdC')
      warning: Traditional headermap style is no longer supported; please migrate to using separate headermaps and set 'ALWAYS_SEARCH_USER_PATHS' to NO. (in target 'CompilerIdC' from project 'CompilerIdC')
      note: Run script build phase 'Run Script' will be run during every build because the option to run the script phase "Based on dependency analysis" is unchecked. (in target 'CompilerIdC' from project 'CompilerIdC')
      ** BUILD FAILED **



  -
    kind: "find-v1"
    backtrace:
      - "/Applications/CLion.app/Contents/bin/cmake/mac/aarch64/share/cmake-4.1/Modules/CMakeDetermineCompilerId.cmake:462 (find_file)"
      - "/Applications/CLion.app/Contents/bin/cmake/mac/aarch64/share/cmake-4.1/Modules/CMakeDetermineCompilerId.cmake:500 (CMAKE_DETERMINE_COMPILER_ID_WRITE)"
      - "/Applications/CLion.app/Contents/bin/cmake/mac/aarch64/share/cmake-4.1/Modules/CMakeDetermineCompilerId.cmake:8 (CMAKE_DETERMINE_COMPILER_ID_BUILD)"
      - "/Applications/CLion.app/Contents/bin/cmake/mac/aarch64/share/cmake-4.1/Modules/CMakeDetermineCompilerId.cmake:64 (__determine_compiler_id_test)"
      - "/Applications/CLion.app/Contents/bin/cmake/mac/aarch64/share/cmake-4.1/Modules/CMakeDetermineCCompiler.cmake:122 (CMAKE_DETERMINE_COMPILER_ID)"
      - "CMakeLists.txt:2 (project)"
    mode: "file"
    variable: "src_in"
    description: "Path to a file."
    settings:
      SearchFramework: "FIRST"
      SearchAppBundle: "FIRST"
      CMAKE_FIND_USE_CMAKE_PATH: true
      CMAKE_FIND_USE_CMAKE_ENVIRONMENT_PATH: true
      CMAKE_FIND_USE_SYSTEM_ENVIRONMENT_PATH: true
      CMAKE_FIND_USE_CMAKE_SYSTEM_PATH: true
      CMAKE_FIND_USE_INSTALL_PREFIX: true
    names:
      - "CMakeCCompilerId.c.in"
    candidate_directories:
      - "/Applications/CLion.app/Contents/bin/cmake/mac/aarch64/share/cmake-4.1/Modules/"
    found: "/Applications/CLion.app/Contents/bin/cmake/mac/aarch64/share/cmake-4.1/Modules/CMakeCCompilerId.c.in"
    search_context:
      ENV{PATH}:
        - "/opt/homebrew/opt/openjdk@17/bin"
        - "/usr/local/texlive/2025basic/bin/universal-darwin"
        - "/opt/homebrew/opt/openjdk@17/bin"
        - "/opt/homebrew/bin"
        - "/opt/homebrew/sbin"
        - "/usr/local/bin"
        - "/System/Cryptexes/App/usr/bin"
        - "/usr/bin"
        - "/bin"
        - "/usr/sbin"
        - "/sbin"
        - "/var/run/com.apple.security.cryptexd/codex.system/bootstrap/usr/local/bin"
        - "/var/run/com.apple.security.cryptexd/codex.system/bootstrap/usr/bin"
        - "/var/run/com.apple.security.cryptexd/codex.system/bootstrap/usr/appleinternal/bin"
        - "/opt/pmk/env/global/bin"
        - "/Library/Apple/usr/bin"
        - "/Users/alejandroregidornova/.cargo/bin"
      CMAKE_INSTALL_PREFIX: "/usr/local"
  -
    kind: "message-v1"
    backtrace:
      - "/Applications/CLion.app/Contents/bin/cmake/mac/aarch64/share/cmake-4.1/Modules/CMakeDetermineCompilerId.cmake:17 (message)"
      - "/Applications/CLion.app/Contents/bin/cmake/mac/aarch64/share/cmake-4.1/Modules/CMakeDetermineCompilerId.cmake:64 (__determine_compiler_id_test)"
      - "/Applications/CLion.app/Contents/bin/cmake/mac/aarch64/share/cmake-4.1/Modules/CMakeDetermineCCompiler.cmake:122 (CMAKE_DETERMINE_COMPILER_ID)"
      - "CMakeLists.txt:2 (project)"
    message: |
      Compiling the C compiler identification source file "CMakeCCompilerId.c" failed.
      Compiler:
      Build flags:
      Id flags:

      The output was:
      65
      Command line invocation:
          /Applications/Xcode.app/Contents/Developer/usr/bin/xcodebuild

      ComputePackagePrebuildTargetDependencyGraph

      CreateBuildRequest

      SendProjectDescription

      CreateBuildOperation

      ComputeTargetDependencyGraph
      note: Building targets in dependency order
      note: Target dependency graph (1 target)
          Target 'CompilerIdC' in project 'CompilerIdC' (no dependencies)

      GatherProvisioningInputs

      CreateBuildDescription

      ExecuteExternalTool /Applications/Xcode.app/Contents/Developer/Toolchains/XcodeDefault.xctoolchain/usr/bin/clang -v -E -dM -isysroot /Library/Developer/CommandLineTools/SDKs/MacOSX26.1.sdk -x c -c /dev/null

      ExecuteExternalTool /Applications/Xcode.app/Contents/Developer/Toolchains/XcodeDefault.xctoolchain/usr/bin/clang -v -E -dM -arch arm64 -isysroot /Library/Developer/CommandLineTools/SDKs/MacOSX26.1.sdk -x c -c /dev/null

      ExecuteExternalTool /Applications/Xcode.app/Contents/Developer/Toolchains/XcodeDefault.xctoolchain/usr/bin/ld -version_details

      Build description signature: b00f9d04c1529660a75607fc7124a37d
      Build description path: /Users/alejandroregidornova/CLionProjects/compiler/build/CMakeFiles/4.1.2/CompilerIdC/./XCBuildData/b00f9d04c1529660a75607fc7124a37d.xcbuilddata
      /Users/alejandroregidornova/CLionProjects/compiler/build/CMakeFiles/4.1.2/CompilerIdC/CompilerIdC.xcodeproj: warning: The macOS deployment target 'MACOSX_DEPLOYMENT_TARGET' is set to 26.1, but the range of supported deployment target versions is 10.13 to 26.0.99. (in target 'CompilerIdC' from project 'CompilerIdC')
      /Users/alejandroregidornova/CLionProjects/compiler/build/CMakeFiles/4.1.2/CompilerIdC/CompilerIdC.xcodeproj: warning: Skipping provisioning because the SDK 'macosx26.1' could not be found. (in target 'CompilerIdC' from project 'CompilerIdC')
      error: An empty code signing identity is not valid when signing a binary for the 'Command-line Tool' product type. (in target 'CompilerIdC' from project 'CompilerIdC')
      error: Entitlements are required for product type 'Command-line Tool' in SDK 'macOS 26.1'. (in target 'CompilerIdC' from project 'CompilerIdC')
      warning: Traditional headermap style is no longer supported; please migrate to using separate headermaps and set 'ALWAYS_SEARCH_USER_PATHS' to NO. (in target 'CompilerIdC' from project 'CompilerIdC')
      note: Run script build phase 'Run Script' will be run during every build because the option to run the script phase "Based on dependency analysis" is unchecked. (in target 'CompilerIdC' from project 'CompilerIdC')
      ** BUILD FAILED **



  -
    kind: "find-v1"
    backtrace:
      - "/Applications/CLion.app/Contents/bin/cmake/mac/aarch64/share/cmake-4.1/Modules/CMakeDetermineCompilerId.cmake:462 (find_file)"
      - "/Applications/CLion.app/Contents/bin/cmake/mac/aarch64/share/cmake-4.1/Modules/CMakeDetermineCompilerId.cmake:500 (CMAKE_DETERMINE_COMPILER_ID_WRITE)"
      - "/Applications/CLion.app/Contents/bin/cmake/mac/aarch64/share/cmake-4.1/Modules/CMakeDetermineCompilerId.cmake:8 (CMAKE_DETERMINE_COMPILER_ID_BUILD)"
      - "/Applications/CLion.app/Contents/bin/cmake/mac/aarch64/share/cmake-4.1/Modules/CMakeDetermineCompilerId.cmake:64 (__determine_compiler_id_test)"
      - "/Applications/CLion.app/Contents/bin/cmake/mac/aarch64/share/cmake-4.1/Modules/CMakeDetermineCXXCompiler.cmake:125 (CMAKE_DETERMINE_COMPILER_ID)"
      - "CMakeLists.txt:2 (project)"
    mode: "file"
    variable: "src_in"
    description: "Path to a file."
    settings:
      SearchFramework: "FIRST"
      SearchAppBundle: "FIRST"
      CMAKE_FIND_USE_CMAKE_PATH: true
      CMAKE_FIND_USE_CMAKE_ENVIRONMENT_PATH: true
      CMAKE_FIND_USE_SYSTEM_ENVIRONMENT_PATH: true
      CMAKE_FIND_USE_CMAKE_SYSTEM_PATH: true
      CMAKE_FIND_USE_INSTALL_PREFIX: true
    names:
      - "CMakeCXXCompilerId.cpp.in"
    candidate_directories:
      - "/Applications/CLion.app/Contents/bin/cmake/mac/aarch64/share/cmake-4.1/Modules/"
    found: "/Applications/CLion.app/Contents/bin/cmake/mac/aarch64/share/cmake-4.1/Modules/CMakeCXXCompilerId.cpp.in"
    search_context:
      ENV{PATH}:
        - "/opt/homebrew/opt/openjdk@17/bin"
        - "/usr/local/texlive/2025basic/bin/universal-darwin"
        - "/opt/homebrew/opt/openjdk@17/bin"
        - "/opt/homebrew/bin"
        - "/opt/homebrew/sbin"
        - "/usr/local/bin"
        - "/System/Cryptexes/App/usr/bin"
        - "/usr/bin"
        - "/bin"
        - "/usr/sbin"
        - "/sbin"
        - "/var/run/com.apple.security.cryptexd/codex.system/bootstrap/usr/local/bin"
        - "/var/run/com.apple.security.cryptexd/codex.system/bootstrap/usr/bin"
        - "/var/run/com.apple.security.cryptexd/codex.system/bootstrap/usr/appleinternal/bin"
        - "/opt/pmk/env/global/bin"
        - "/Library/Apple/usr/bin"
        - "/Users/alejandroregidornova/.cargo/bin"
      CMAKE_INSTALL_PREFIX: "/usr/local"
  -
    kind: "message-v1"
    backtrace:
      - "/Applications/CLion.app/Contents/bin/cmake/mac/aarch64/share/cmake-4.1/Modules/CMakeDetermineCompilerId.cmake:17 (message)"
      - "/Applications/CLion.app/Contents/bin/cmake/mac/aarch64/share/cmake-4.1/Modules/CMakeDetermineCompilerId.cmake:64 (__determine_compiler_id_test)"
      - "/Applications/CLion.app/Contents/bin/cmake/mac/aarch64/share/cmake-4.1/Modules/CMakeDetermineCXXCompiler.cmake:125 (CMAKE_DETERMINE_COMPILER_ID)"
      - "CMakeLists.txt:2 (project)"
    message: |
      Compiling the CXX compiler identification source file "CMakeCXXCompilerId.cpp" failed.
      Compiler:
      Build flags:
      Id flags:

      The output was:
      65
      Command line invocation:
          /Applications/Xcode.app/Contents/Developer/usr/bin/xcodebuild

      ComputePackagePrebuildTargetDependencyGraph

      CreateBuildRequest

      SendProjectDescription

      CreateBuildOperation

      ComputeTargetDependencyGraph
      note: Building targets in dependency order
      note: Target dependency graph (1 target)
          Target 'CompilerIdCXX' in project 'CompilerIdCXX' (no dependencies)

      GatherProvisioningInputs

      CreateBuildDescription

      ExecuteExternalTool /Applications/Xcode.app/Contents/Developer/Toolchains/XcodeDefault.xctoolchain/usr/bin/clang -v -E -dM -isysroot /Library/Developer/CommandLineTools/SDKs/MacOSX26.1.sdk -x c -c /dev/null

      ExecuteExternalTool /Applications/Xcode.app/Contents/Developer/Toolchains/XcodeDefault.xctoolchain/usr/bin/clang -v -E -dM -arch arm64 -isysroot /Library/Developer/CommandLineTools/SDKs/MacOSX26.1.sdk -x c++ -c /dev/null

      ExecuteExternalTool /Applications/Xcode.app/Contents/Developer/Toolchains/XcodeDefault.xctoolchain/usr/bin/clang -v -E -dM -arch arm64 -isysroot /Library/Developer/CommandLineTools/SDKs/MacOSX26.1.sdk -x c -c /dev/null

      ExecuteExternalTool /Applications/Xcode.app/Contents/Developer/Toolchains/XcodeDefault.xctoolchain/usr/bin/ld -version_details

      Build description signature: 34692d0df354795ef2dd64eda30006b4
      Build description path: /Users/alejandroregidornova/CLionProjects/compiler/build/CMakeFiles/4.1.2/CompilerIdCXX/./XCBuildData/34692d0df354795ef2dd64eda30006b4.xcbuilddata
      /Users/alejandroregidornova/CLionProjects/compiler/build/CMakeFiles/4.1.2/CompilerIdCXX/CompilerIdCXX.xcodeproj: warning: The macOS deployment target 'MACOSX_DEPLOYMENT_TARGET' is set to 26.1, but the range of supported deployment target versions is 10.13 to 26.0.99. (in target 'CompilerIdCXX' from project 'CompilerIdCXX')
      /Users/alejandroregidornova/CLionProjects/compiler/build/CMakeFiles/4.1.2/CompilerIdCXX/CompilerIdCXX.xcodeproj: warning: Skipping provisioning because the SDK 'macosx26.1' could not be found. (in target 'CompilerIdCXX' from project 'CompilerIdCXX')
      error: An empty code signing identity is not valid when signing a binary for the 'Command-line Tool' product type. (in target 'CompilerIdCXX' from project 'CompilerIdCXX')
      error: Entitlements are required for product type 'Command-line Tool' in SDK 'macOS 26.1'. (in target 'CompilerIdCXX' from project 'CompilerIdCXX')
      warning: Traditional headermap style is no longer supported; please migrate to using separate headermaps and set 'ALWAYS_SEARCH_USER_PATHS' to NO. (in target 'CompilerIdCXX' from project 'CompilerIdCXX')
      note: Run script build phase 'Run Script' will be run during every build because the option to run the script phase "Based on dependency analysis" is unchecked. (in target 'CompilerIdCXX' from project 'CompilerIdCXX')
      ** BUILD FAILED **



  -
    kind: "find-v1"
    backtrace:
      - "/Applications/CLion.app/Contents/bin/cmake/mac/aarch64/share/cmake-4.1/Modules/CMakeDetermineCompilerId.cmake:462 (find_file)"
      - "/Applications/CLion.app/Contents/bin/cmake/mac/aarch64/share/cmake-4.1/Modules/CMakeDetermineCompilerId.cmake:500 (CMAKE_DETERMINE_COMPILER_ID_WRITE)"
      - "/Applications/CLion.app/Contents/bin/cmake/mac/aarch64/share/cmake-4.1/Modules/CMakeDetermineCompilerId.cmake:8 (CMAKE_DETERMINE_COMPILER_ID_BUILD)"
      - "/Applications/CLion.app/Contents/bin/cmake/mac/aarch64/share/cmake-4.1/Modules/CMakeDetermineCompilerId.cmake:64 (__determine_compiler_id_test)"
      - "/Applications/CLion.app/Contents/bin/cmake/mac/aarch64/share/cmake-4.1/Modules/CMakeDetermineCXXCompiler.cmake:125 (CMAKE_DETERMINE_COMPILER_ID)"
      - "CMakeLists.txt:2 (project)"
    mode: "file"
    variable: "src_in"
    description: "Path to a file."
    settings:
      SearchFramework: "FIRST"
      SearchAppBundle: "FIRST"
      CMAKE_FIND_USE_CMAKE_PATH: true
      CMAKE_FIND_USE_CMAKE_ENVIRONMENT_PATH: true
      CMAKE_FIND_USE_SYSTEM_ENVIRONMENT_PATH: true
      CMAKE_FIND_USE_CMAKE_SYSTEM_PATH: true
      CMAKE_FIND_USE_INSTALL_PREFIX: true
    names:
      - "CMakeCXXCompilerId.cpp.in"
    candidate_directories:
      - "/Applications/CLion.app/Contents/bin/cmake/mac/aarch64/share/cmake-4.1/Modules/"
    found: "/Applications/CLion.app/Contents/bin/cmake/mac/aarch64/share/cmake-4.1/Modules/CMakeCXXCompilerId.cpp.in"
    search_context:
      ENV{PATH}:
        - "/opt/homebrew/opt/openjdk@17/bin"
        - "/usr/local/texlive/2025basic/bin/universal-darwin"
        - "/opt/homebrew/opt/openjdk@17/bin"
        - "/opt/homebrew/bin"
        - "/opt/homebrew/sbin"
        - "/usr/local/bin"
        - "/System/Cryptexes/App/usr/bin"
        - "/usr/bin"
        - "/bin"
        - "/usr/sbin"
        - "/sbin"
        - "/var/run/com.apple.security.cryptexd/codex.system/bootstrap/usr/local/bin"
        - "/var/run/com.apple.security.cryptexd/codex.system/bootstrap/usr/bin"
        - "/var/run/com.apple.security.cryptexd/codex.system/bootstrap/usr/appleinternal/bin"
        - "/opt/pmk/env/global/bin"
        - "/Library/Apple/usr/bin"
        - "/Users/alejandroregidornova/.cargo/bin"
      CMAKE_INSTALL_PREFIX: "/usr/local"
  -
    kind: "message-v1"
    backtrace:
      - "/Applications/CLion.app/Contents/bin/cmake/mac/aarch64/share/cmake-4.1/Modules/CMakeDetermineCompilerId.cmake:17 (message)"
      - "/Applications/CLion.app/Contents/bin/cmake/mac/aarch64/share/cmake-4.1/Modules/CMakeDetermineCompilerId.cmake:64 (__determine_compiler_id_test)"
      - "/Applications/CLion.app/Contents/bin/cmake/mac/aarch64/share/cmake-4.1/Modules/CMakeDetermineCXXCompiler.cmake:125 (CMAKE_DETERMINE_COMPILER_ID)"
      - "CMakeLists.txt:2 (project)"
    message: |
      Compiling the CXX compiler identification source file "CMakeCXXCompilerId.cpp" failed.
      Compiler:
      Build flags:
      Id flags:

      The output was:
      65
      Command line invocation:
          /Applications/Xcode.app/Contents/Developer/usr/bin/xcodebuild

      ComputePackagePrebuildTargetDependencyGraph

      CreateBuildRequest

      SendProjectDescription

      CreateBuildOperation

      ComputeTargetDependencyGraph
      note: Building targets in dependency order
      note: Target dependency graph (1 target)
          Target 'CompilerIdCXX' in project 'CompilerIdCXX' (no dependencies)

      GatherProvisioningInputs

      CreateBuildDescription

      ExecuteExternalTool /Applications/Xcode.app/Contents/Developer/Toolchains/XcodeDefault.xctoolchain/usr/bin/clang -v -E -dM -isysroot /Library/Developer/CommandLineTools/SDKs/MacOSX26.1.sdk -x c -c /dev/null

      ExecuteExternalTool /Applications/Xcode.app/Contents/Developer/Toolchains/XcodeDefault.xctoolchain/usr/bin/clang -v -E -dM -arch arm64 -isysroot /Library/Developer/CommandLineTools/SDKs/MacOSX26.1.sdk -x c++ -c /dev/null

      ExecuteExternalTool /Applications/Xcode.app/Contents/Developer/Toolchains/XcodeDefault.xctoolchain/usr/bin/clang -v -E -dM -arch arm64 -isysroot /Library/Developer/CommandLineTools/SDKs/MacOSX26.1.sdk -x c -c /dev/null

      ExecuteExternalTool /Applications/Xcode.app/Contents/Developer/Toolchains/XcodeDefault.xctoolchain/usr/bin/ld -version_details

      Build description signature: 34692d0df354795ef2dd64eda30006b4
      Build description path: /Users/alejandroregidornova/CLionProjects/compiler/build/CMakeFiles/4.1.2/CompilerIdCXX/./XCBuildData/34692d0df354795ef2dd64eda30006b4.xcbuilddata
      /Users/alejandroregidornova/CLionProjects/compiler/build/CMakeFiles/4.1.2/CompilerIdCXX/CompilerIdCXX.xcodeproj: warning: The macOS deployment target 'MACOSX_DEPLOYMENT_TARGET' is set to 26.1, but the range of supported deployment target versions is 10.13 to 26.0.99. (in target 'CompilerIdCXX' from project 'CompilerIdCXX')
      /Users/alejandroregidornova/CLionProjects/compiler/build/CMakeFiles/4.1.2/CompilerIdCXX/CompilerIdCXX.xcodeproj: warning: Skipping provisioning because the SDK 'macosx26.1' could not be found. (in target 'CompilerIdCXX' from project 'CompilerIdCXX')
      error: An empty code signing identity is not valid when signing a binary for the 'Command-line Tool' product type. (in target 'CompilerIdCXX' from project 'CompilerIdCXX')
      error: Entitlements are required for product type 'Command-line Tool' in SDK 'macOS 26.1'. (in target 'CompilerIdCXX' from project 'CompilerIdCXX')
      warning: Traditional headermap style is no longer supported; please migrate to using separate headermaps and set 'ALWAYS_SEARCH_USER_PATHS' to NO. (in target 'CompilerIdCXX' from project 'CompilerIdCXX')
      note: Run script build phase 'Run Script' will be run during every build because the option to run the script phase "Based on dependency analysis" is unchecked. (in target 'CompilerIdCXX' from project 'CompilerIdCXX')
      ** BUILD FAILED **



...
